ret: 0.360998551248
intrinsic matrix: 
 [[614.53953414   0.         325.62340604]
 [  0.         614.44733103 240.52625173]
 [  0.           0.           1.        ]]
distortion cofficients: 
 [[ 2.90239795e-02  7.23949040e-01  6.71294860e-04 -1.55723226e-03
  -2.80028834e+00]]
rotation vectors: 
 [array([[-0.02724897],
       [-0.12333668],
       [ 0.45263468]]), array([[-0.47211438],
       [-0.16446588],
       [ 0.42900873]]), array([[0.04661391],
       [0.01141286],
       [0.00560972]]), array([[ 0.34300569],
       [-0.39001844],
       [-0.03399972]]), array([[-0.06607716],
       [-0.0156512 ],
       [ 0.18464495]]), array([[ 0.1347765 ],
       [ 0.18257583],
       [-0.42290346]]), array([[-0.30848391],
       [-0.01984487],
       [ 0.18491544]]), array([[-0.10811674],
       [ 0.2540249 ],
       [ 0.44639931]]), array([[-0.39113629],
       [ 0.23578413],
       [ 0.36957787]]), array([[-0.27995651],
       [ 0.0164466 ],
       [ 0.46880532]]), array([[ 0.34126593],
       [-0.04137709],
       [-1.21763749]]), array([[ 0.32927255],
       [ 0.38890987],
       [-0.20584753]]), array([[ 0.23691329],
       [-0.27539286],
       [-0.05869215]]), array([[ 0.31130492],
       [-0.47082054],
       [ 1.09656008]]), array([[ 0.31944503],
       [ 0.0402954 ],
       [-0.71532084]]), array([[-0.04754077],
       [ 0.15699117],
       [ 0.48740683]]), array([[-0.31261274],
       [ 0.25512126],
       [-0.12086904]]), array([[ 0.19166299],
       [-0.25128485],
       [ 0.41132173]]), array([[ 0.25488178],
       [ 0.21959418],
       [-0.13256675]]), array([[ 0.06846533],
       [-0.22410122],
       [ 0.52355565]]), array([[-0.32171811],
       [ 0.36030027],
       [ 0.53318177]]), array([[ 0.21468406],
       [-0.01093201],
       [ 0.17860315]]), array([[ 0.05134034],
       [-0.24402395],
       [ 0.49725929]]), array([[-0.38431838],
       [ 0.14314607],
       [ 0.72356845]]), array([[ 0.35876247],
       [-0.3057534 ],
       [ 0.20510335]]), array([[ 0.28948714],
       [-0.37076747],
       [-0.22449767]]), array([[ 0.0912635 ],
       [ 0.5334531 ],
       [-0.31555193]]), array([[ 4.40369052e-01],
       [-5.30064630e-03],
       [ 2.14432114e-04]]), array([[ 0.04802735],
       [ 0.71098696],
       [-0.31423499]]), array([[ 0.43231499],
       [-0.27706651],
       [ 0.36989861]]), array([[0.32696181],
       [0.04461232],
       [0.19865126]]), array([[0.27363179],
       [0.01980831],
       [0.13538381]]), array([[-0.14756402],
       [ 0.42765371],
       [-0.01521895]]), array([[ 0.08566821],
       [-0.20312865],
       [ 0.77780413]]), array([[ 0.38723269],
       [ 0.40531121],
       [-0.26868   ]]), array([[-0.21192327],
       [ 0.64989187],
       [ 0.31976532]]), array([[ 0.1831909 ],
       [ 0.15977204],
       [-0.85731117]]), array([[-0.08790198],
       [ 0.53897652],
       [ 0.0645623 ]]), array([[ 0.03993704],
       [-0.01415097],
       [ 0.45767548]]), array([[0.52830906],
       [0.03168089],
       [0.13117004]]), array([[-0.00460384],
       [ 0.00648706],
       [ 0.64647576]])]
translation vectors: 
 [array([[-0.1381765 ],
       [-0.08193901],
       [ 0.61957221]]), array([[-0.13738183],
       [-0.01156524],
       [ 0.65223322]]), array([[-0.1597089 ],
       [-0.10620807],
       [ 0.53252253]]), array([[-0.07145606],
       [-0.11930764],
       [ 0.56740994]]), array([[-0.09473747],
       [-0.09537047],
       [ 0.59196798]]), array([[-0.09914016],
       [-0.05763201],
       [ 0.57017687]]), array([[-0.09188327],
       [-0.10582885],
       [ 0.64365729]]), array([[-0.16452028],
       [ 0.01124265],
       [ 0.82877166]]), array([[ 0.02457185],
       [-0.0164202 ],
       [ 0.61687826]]), array([[ 0.00893685],
       [-0.07201334],
       [ 0.52952922]]), array([[-0.18669651],
       [ 0.10614412],
       [ 0.51292408]]), array([[-0.08972446],
       [ 0.00134247],
       [ 0.64124901]]), array([[-0.17364052],
       [-0.0364487 ],
       [ 0.47497088]]), array([[-0.00636152],
       [-0.11745913],
       [ 0.50935104]]), array([[-0.12497409],
       [-0.00435755],
       [ 0.51317701]]), array([[-0.18108678],
       [-0.16339185],
       [ 0.80044889]]), array([[-0.01856032],
       [-0.10338173],
       [ 0.65428169]]), array([[-0.0387306 ],
       [ 0.01295725],
       [ 0.64919837]]), array([[-0.15627699],
       [ 0.03483688],
       [ 0.53741089]]), array([[-0.0865261 ],
       [-0.09311426],
       [ 0.40464479]]), array([[ 0.04944568],
       [-0.11863952],
       [ 0.64023273]]), array([[-0.11726023],
       [ 0.07824211],
       [ 0.72472305]]), array([[-0.14424165],
       [-0.12397194],
       [ 0.52804361]]), array([[ 0.0885082 ],
       [-0.06497683],
       [ 0.59524135]]), array([[-0.07043068],
       [-0.12270815],
       [ 0.56009696]]), array([[-0.18300761],
       [-0.04367295],
       [ 0.55958523]]), array([[-0.04464599],
       [ 0.10846604],
       [ 0.80292019]]), array([[-0.16442665],
       [-0.08040836],
       [ 0.39951406]]), array([[-0.0117081 ],
       [-0.02953599],
       [ 0.81926359]]), array([[-0.11585062],
       [-0.10781568],
       [ 0.61586668]]), array([[-0.01894207],
       [-0.11212351],
       [ 0.67291231]]), array([[-0.1402815 ],
       [ 0.03690997],
       [ 0.68270422]]), array([[ 0.00463024],
       [-0.10608861],
       [ 0.67642271]]), array([[-0.17772803],
       [-0.05318833],
       [ 0.65486389]]), array([[-0.15748576],
       [-0.03452567],
       [ 0.64321576]]), array([[0.07240703],
       [0.03133801],
       [0.84223961]]), array([[-0.18179665],
       [ 0.02943315],
       [ 0.57008056]]), array([[-0.00437124],
       [-0.07254858],
       [ 0.76809049]]), array([[-0.04537267],
       [-0.08089506],
       [ 0.44128712]]), array([[-0.11747498],
       [-0.17546693],
       [ 0.5784395 ]]), array([[ 0.04846945],
       [-0.14114462],
       [ 0.55128702]])]
Average error of reproject: 0.0341403359036
